<?xml version="1.0" encoding="UTF-8"?>
<testsuites name="Module-3-Cart" time="78.401" tests="5" failures="0" errors="0">
   <testsuite name="Module-3-Cart" tests="5" failures="0" errors="0" time="78.401" skipped="0" timestamp="2023-01-08 18:51:24" hostname="Fajar Triady Putra - MSI" id="Test Suites/Module-3-Cart">
      <properties>
         <property name="deviceName" value=""/>
         <property name="devicePlatform" value=""/>
         <property name="logFolder" value="C:\\Users\\Fajar Triady Putra\\git\\ui-automation\\Reports\\20230108_185112\\Module-3-Cart\\20230108_185112"/>
         <property name="logFiles" value="C:\\Users\\Fajar Triady Putra\\git\\ui-automation\\Reports\\20230108_185112\\Module-3-Cart\\20230108_185112\\execution0.log"/>
         <property name="attachments" value=""/>
         <property name="hostName" value="Fajar Triady Putra - MSI"/>
         <property name="os" value="Windows 10 64bit"/>
         <property name="katalonVersion" value="8.4.1.208"/>
         <property name="browser" value="Chrome 108.0.0.0"/>
         <property name="hostAddress" value="192.168.1.4"/>
         <property name="sessionId" value="6b162f14d3e15a2bc431f8f4cbef5477"/>
         <property name="seleniumVersion" value="3.141.59"/>
         <property name="proxyInformation" value="ProxyInformation { proxyOption=NO_PROXY, proxyServerType=HTTP, username=, password=********, proxyServerAddress=, proxyServerPort=0, executionList=&quot;&quot;, isApplyToDesiredCapabilities=true }"/>
         <property name="platform" value="Windows 10"/>
      </properties>
      <testcase name="Test Cases/Module- Cart/Cart - Checkout empty cart" time="13.595" classname="Test Cases/Module- Cart/Cart - Checkout empty cart" status="PASSED">
         <system-out><![CDATA[2023-01-08 18:51:24 - [TEST_CASE][PASSED] - Test Cases/Module- Cart/Cart - Checkout empty cart: Test Cases/Module- Cart/Cart - Checkout empty cart

2023-01-08 18:51:24 - [TEST_STEP][PASSED] - callTestCase(findTestCase("Module-Login/Login - Call"), ["username1":"standard_user", "username2":"problem_user", "username3":"performance_glitch_user", "password":"secret_sauce"], STOP_ON_FAILURE): Call Test Case 'Test Cases/Module-Login/Login - Call' successfully

2023-01-08 18:51:25 - [TEST_CASE][PASSED] - Test Cases/Module-Login/Login - Call: Test Cases/Module-Login/Login - Call

2023-01-08 18:51:25 - [TEST_STEP][PASSED] - openBrowser(""): Browser is opened with url: ''

2023-01-08 18:51:26 - [MESSAGE][INFO] - Starting 'Chrome' driver

2023-01-08 18:51:26 - [MESSAGE][INFO] - Action delay is set to 0 milliseconds

2023-01-08 18:51:29 - [MESSAGE][PASSED] - Browser is opened with url: ''

2023-01-08 18:51:29 - [TEST_STEP][PASSED] - navigateToUrl("https://www.saucedemo.com/"): Navigate to 'https://www.saucedemo.com/' successfully

2023-01-08 18:51:30 - [MESSAGE][PASSED] - Navigate to 'https://www.saucedemo.com/' successfully

2023-01-08 18:51:30 - [TEST_STEP][PASSED] - setText(findTestObject("Login_Page/username"), username1): Text 'standard_user' is set on object 'Object Repository/Login_Page/username'

2023-01-08 18:51:31 - [MESSAGE][PASSED] - Text 'standard_user' is set on object 'Object Repository/Login_Page/username'

2023-01-08 18:51:31 - [TEST_STEP][PASSED] - setEncryptedText(findTestObject("Login_Page/password"), "qcu24s4901FyWDTwXGr6XA=="): Text ****** has been set on object 'Object Repository/Login_Page/password'

2023-01-08 18:51:31 - [MESSAGE][PASSED] - Text ****** has been set on object 'Object Repository/Login_Page/password'

2023-01-08 18:51:31 - [TEST_STEP][PASSED] - click(findTestObject("Login_Page/btn_login")): Object: 'Object Repository/Login_Page/btn_login' is clicked on

2023-01-08 18:51:32 - [MESSAGE][PASSED] - Object: 'Object Repository/Login_Page/btn_login' is clicked on

2023-01-08 18:51:32 - [TEST_STEP][PASSED] - delay(3): Delayed 3 second(s)

2023-01-08 18:51:35 - [MESSAGE][PASSED] - Delayed 3 second(s)

2023-01-08 18:51:35 - [MESSAGE][PASSED] - Call Test Case 'Test Cases/Module-Login/Login - Call' successfully

2023-01-08 18:51:35 - [TEST_STEP][PASSED] - click(findTestObject("cart/cart")): Object: 'Object Repository/cart/cart' is clicked on

2023-01-08 18:51:36 - [MESSAGE][PASSED] - Object: 'Object Repository/cart/cart' is clicked on

2023-01-08 18:51:36 - [TEST_STEP][PASSED] - click(findTestObject("cart/button_Checkout")): Object: 'Object Repository/cart/button_Checkout' is clicked on

2023-01-08 18:51:36 - [MESSAGE][PASSED] - Object: 'Object Repository/cart/button_Checkout' is clicked on

2023-01-08 18:51:36 - [TEST_STEP][PASSED] - verifyElementPresent(findTestObject("form/header"), 5, CONTINUE_ON_FAILURE): Object 'Object Repository/form/header' is present

2023-01-08 18:51:37 - [MESSAGE][PASSED] - Object 'Object Repository/form/header' is present

2023-01-08 18:51:37 - [TEST_STEP][PASSED] - closeBrowser(STOP_ON_FAILURE): Browser is closed

2023-01-08 18:51:37 - [MESSAGE][PASSED] - Browser is closed]]></system-out>
         <system-err><![CDATA[]]></system-err>
      </testcase>
      <testcase name="Test Cases/Module- Cart/Cart - Checkout items" time="16.486" classname="Test Cases/Module- Cart/Cart - Checkout items" status="PASSED">
         <system-out><![CDATA[2023-01-08 18:51:37 - [TEST_CASE][PASSED] - Test Cases/Module- Cart/Cart - Checkout items: Test Cases/Module- Cart/Cart - Checkout items

2023-01-08 18:51:38 - [TEST_STEP][PASSED] - callTestCase(findTestCase("Module- Inventory and Sort/Inventory - Call"), [:], STOP_ON_FAILURE): Call Test Case 'Test Cases/Module- Inventory and Sort/Inventory - Call' successfully

2023-01-08 18:51:38 - [TEST_CASE][PASSED] - Test Cases/Module- Inventory and Sort/Inventory - Call: Test Cases/Module- Inventory and Sort/Inventory - Call

2023-01-08 18:51:38 - [TEST_STEP][PASSED] - callTestCase(findTestCase("Module-Login/Login - Call"), ["username1":"standard_user", "username2":"problem_user", "username3":"performance_glitch_user", "password":"secret_sauce"], STOP_ON_FAILURE): Call Test Case 'Test Cases/Module-Login/Login - Call' successfully

2023-01-08 18:51:38 - [TEST_CASE][PASSED] - Test Cases/Module-Login/Login - Call: Test Cases/Module-Login/Login - Call

2023-01-08 18:51:38 - [TEST_STEP][PASSED] - openBrowser(""): Browser is opened with url: ''

2023-01-08 18:51:38 - [MESSAGE][INFO] - Starting 'Chrome' driver

2023-01-08 18:51:38 - [MESSAGE][INFO] - Action delay is set to 0 milliseconds

2023-01-08 18:51:40 - [MESSAGE][PASSED] - Browser is opened with url: ''

2023-01-08 18:51:40 - [TEST_STEP][PASSED] - navigateToUrl("https://www.saucedemo.com/"): Navigate to 'https://www.saucedemo.com/' successfully

2023-01-08 18:51:40 - [MESSAGE][PASSED] - Navigate to 'https://www.saucedemo.com/' successfully

2023-01-08 18:51:40 - [TEST_STEP][PASSED] - setText(findTestObject("Login_Page/username"), username1): Text 'standard_user' is set on object 'Object Repository/Login_Page/username'

2023-01-08 18:51:42 - [MESSAGE][PASSED] - Text 'standard_user' is set on object 'Object Repository/Login_Page/username'

2023-01-08 18:51:42 - [TEST_STEP][PASSED] - setEncryptedText(findTestObject("Login_Page/password"), "qcu24s4901FyWDTwXGr6XA=="): Text ****** has been set on object 'Object Repository/Login_Page/password'

2023-01-08 18:51:42 - [MESSAGE][PASSED] - Text ****** has been set on object 'Object Repository/Login_Page/password'

2023-01-08 18:51:42 - [TEST_STEP][PASSED] - click(findTestObject("Login_Page/btn_login")): Object: 'Object Repository/Login_Page/btn_login' is clicked on

2023-01-08 18:51:43 - [MESSAGE][PASSED] - Object: 'Object Repository/Login_Page/btn_login' is clicked on

2023-01-08 18:51:43 - [TEST_STEP][PASSED] - delay(3): Delayed 3 second(s)

2023-01-08 18:51:46 - [MESSAGE][PASSED] - Delayed 3 second(s)

2023-01-08 18:51:46 - [MESSAGE][PASSED] - Call Test Case 'Test Cases/Module-Login/Login - Call' successfully

2023-01-08 18:51:46 - [TEST_STEP][PASSED] - waitForPageLoad(10): Wait for page load successfully

2023-01-08 18:51:46 - [MESSAGE][PASSED] - Wait for page load successfully

2023-01-08 18:51:46 - [TEST_STEP][PASSED] - click(findTestObject("btn_items/items1_add to cart")): Object: 'Object Repository/btn_items/items1_add to cart' is clicked on

2023-01-08 18:51:47 - [MESSAGE][PASSED] - Object: 'Object Repository/btn_items/items1_add to cart' is clicked on

2023-01-08 18:51:47 - [TEST_STEP][PASSED] - verifyElementPresent(findTestObject("cart_counter/cart_icon1"), 5): Object 'Object Repository/cart_counter/cart_icon1' is present

2023-01-08 18:51:47 - [MESSAGE][PASSED] - Object 'Object Repository/cart_counter/cart_icon1' is present

2023-01-08 18:51:47 - [TEST_STEP][PASSED] - click(findTestObject("btn_items/items2_add to cart")): Object: 'Object Repository/btn_items/items2_add to cart' is clicked on

2023-01-08 18:51:47 - [MESSAGE][PASSED] - Object: 'Object Repository/btn_items/items2_add to cart' is clicked on

2023-01-08 18:51:47 - [TEST_STEP][PASSED] - verifyElementPresent(findTestObject("cart_counter/cart_icon2"), 5): Object 'Object Repository/cart_counter/cart_icon2' is present

2023-01-08 18:51:48 - [MESSAGE][PASSED] - Object 'Object Repository/cart_counter/cart_icon2' is present

2023-01-08 18:51:48 - [TEST_STEP][PASSED] - click(findTestObject("btn_items/items3_add to cart")): Object: 'Object Repository/btn_items/items3_add to cart' is clicked on

2023-01-08 18:51:48 - [MESSAGE][PASSED] - Object: 'Object Repository/btn_items/items3_add to cart' is clicked on

2023-01-08 18:51:48 - [TEST_STEP][PASSED] - verifyElementPresent(findTestObject("cart_counter/cart_icon3"), 5): Object 'Object Repository/cart_counter/cart_icon3' is present

2023-01-08 18:51:49 - [MESSAGE][PASSED] - Object 'Object Repository/cart_counter/cart_icon3' is present

2023-01-08 18:51:49 - [TEST_STEP][PASSED] - click(findTestObject("btn_items/items4_add to cart")): Object: 'Object Repository/btn_items/items4_add to cart' is clicked on

2023-01-08 18:51:49 - [MESSAGE][PASSED] - Object: 'Object Repository/btn_items/items4_add to cart' is clicked on

2023-01-08 18:51:49 - [TEST_STEP][PASSED] - verifyElementPresent(findTestObject("cart_counter/cart_icon4"), 5): Object 'Object Repository/cart_counter/cart_icon4' is present

2023-01-08 18:51:50 - [MESSAGE][PASSED] - Object 'Object Repository/cart_counter/cart_icon4' is present

2023-01-08 18:51:50 - [TEST_STEP][PASSED] - click(findTestObject("btn_items/items5_add to cart")): Object: 'Object Repository/btn_items/items5_add to cart' is clicked on

2023-01-08 18:51:50 - [MESSAGE][PASSED] - Object: 'Object Repository/btn_items/items5_add to cart' is clicked on

2023-01-08 18:51:50 - [TEST_STEP][PASSED] - verifyElementPresent(findTestObject("cart_counter/cart_icon5"), 5): Object 'Object Repository/cart_counter/cart_icon5' is present

2023-01-08 18:51:51 - [MESSAGE][PASSED] - Object 'Object Repository/cart_counter/cart_icon5' is present

2023-01-08 18:51:51 - [TEST_STEP][PASSED] - click(findTestObject("btn_items/items6_add to cart")): Object: 'Object Repository/btn_items/items6_add to cart' is clicked on

2023-01-08 18:51:51 - [MESSAGE][PASSED] - Object: 'Object Repository/btn_items/items6_add to cart' is clicked on

2023-01-08 18:51:51 - [TEST_STEP][PASSED] - verifyElementPresent(findTestObject("cart_counter/cart_icon6"), 5): Object 'Object Repository/cart_counter/cart_icon6' is present

2023-01-08 18:51:52 - [MESSAGE][PASSED] - Object 'Object Repository/cart_counter/cart_icon6' is present

2023-01-08 18:51:52 - [TEST_STEP][PASSED] - click(findTestObject("cart/cart")): Object: 'Object Repository/cart/cart' is clicked on

2023-01-08 18:51:52 - [MESSAGE][PASSED] - Object: 'Object Repository/cart/cart' is clicked on

2023-01-08 18:51:52 - [MESSAGE][PASSED] - Call Test Case 'Test Cases/Module- Inventory and Sort/Inventory - Call' successfully

2023-01-08 18:51:52 - [TEST_STEP][PASSED] - click(findTestObject("cart/button_Checkout")): Object: 'Object Repository/cart/button_Checkout' is clicked on

2023-01-08 18:51:53 - [MESSAGE][PASSED] - Object: 'Object Repository/cart/button_Checkout' is clicked on

2023-01-08 18:51:53 - [TEST_STEP][PASSED] - verifyElementPresent(findTestObject("form/header"), 10): Object 'Object Repository/form/header' is present

2023-01-08 18:51:53 - [MESSAGE][PASSED] - Object 'Object Repository/form/header' is present

2023-01-08 18:51:53 - [TEST_STEP][PASSED] - closeBrowser(STOP_ON_FAILURE): Browser is closed

2023-01-08 18:51:54 - [MESSAGE][PASSED] - Browser is closed]]></system-out>
         <system-err><![CDATA[]]></system-err>
      </testcase>
      <testcase name="Test Cases/Module- Cart/Cart - Remove items in cart" time="18.628" classname="Test Cases/Module- Cart/Cart - Remove items in cart" status="PASSED">
         <system-out><![CDATA[2023-01-08 18:51:54 - [TEST_CASE][PASSED] - Test Cases/Module- Cart/Cart - Remove items in cart: Test Cases/Module- Cart/Cart - Remove items in cart

2023-01-08 18:51:54 - [TEST_STEP][PASSED] - callTestCase(findTestCase("Module- Inventory and Sort/Inventory - Call"), [:], STOP_ON_FAILURE): Call Test Case 'Test Cases/Module- Inventory and Sort/Inventory - Call' successfully

2023-01-08 18:51:54 - [TEST_CASE][PASSED] - Test Cases/Module- Inventory and Sort/Inventory - Call: Test Cases/Module- Inventory and Sort/Inventory - Call

2023-01-08 18:51:54 - [TEST_STEP][PASSED] - callTestCase(findTestCase("Module-Login/Login - Call"), ["username1":"standard_user", "username2":"problem_user", "username3":"performance_glitch_user", "password":"secret_sauce"], STOP_ON_FAILURE): Call Test Case 'Test Cases/Module-Login/Login - Call' successfully

2023-01-08 18:51:54 - [TEST_CASE][PASSED] - Test Cases/Module-Login/Login - Call: Test Cases/Module-Login/Login - Call

2023-01-08 18:51:54 - [TEST_STEP][PASSED] - openBrowser(""): Browser is opened with url: ''

2023-01-08 18:51:55 - [MESSAGE][INFO] - Starting 'Chrome' driver

2023-01-08 18:51:55 - [MESSAGE][INFO] - Action delay is set to 0 milliseconds

2023-01-08 18:51:56 - [MESSAGE][PASSED] - Browser is opened with url: ''

2023-01-08 18:51:56 - [TEST_STEP][PASSED] - navigateToUrl("https://www.saucedemo.com/"): Navigate to 'https://www.saucedemo.com/' successfully

2023-01-08 18:51:56 - [MESSAGE][PASSED] - Navigate to 'https://www.saucedemo.com/' successfully

2023-01-08 18:51:56 - [TEST_STEP][PASSED] - setText(findTestObject("Login_Page/username"), username1): Text 'standard_user' is set on object 'Object Repository/Login_Page/username'

2023-01-08 18:51:58 - [MESSAGE][PASSED] - Text 'standard_user' is set on object 'Object Repository/Login_Page/username'

2023-01-08 18:51:58 - [TEST_STEP][PASSED] - setEncryptedText(findTestObject("Login_Page/password"), "qcu24s4901FyWDTwXGr6XA=="): Text ****** has been set on object 'Object Repository/Login_Page/password'

2023-01-08 18:51:58 - [MESSAGE][PASSED] - Text ****** has been set on object 'Object Repository/Login_Page/password'

2023-01-08 18:51:58 - [TEST_STEP][PASSED] - click(findTestObject("Login_Page/btn_login")): Object: 'Object Repository/Login_Page/btn_login' is clicked on

2023-01-08 18:51:59 - [MESSAGE][PASSED] - Object: 'Object Repository/Login_Page/btn_login' is clicked on

2023-01-08 18:51:59 - [TEST_STEP][PASSED] - delay(3): Delayed 3 second(s)

2023-01-08 18:52:02 - [MESSAGE][PASSED] - Delayed 3 second(s)

2023-01-08 18:52:02 - [MESSAGE][PASSED] - Call Test Case 'Test Cases/Module-Login/Login - Call' successfully

2023-01-08 18:52:02 - [TEST_STEP][PASSED] - waitForPageLoad(10): Wait for page load successfully

2023-01-08 18:52:02 - [MESSAGE][PASSED] - Wait for page load successfully

2023-01-08 18:52:02 - [TEST_STEP][PASSED] - click(findTestObject("btn_items/items1_add to cart")): Object: 'Object Repository/btn_items/items1_add to cart' is clicked on

2023-01-08 18:52:02 - [MESSAGE][PASSED] - Object: 'Object Repository/btn_items/items1_add to cart' is clicked on

2023-01-08 18:52:02 - [TEST_STEP][PASSED] - verifyElementPresent(findTestObject("cart_counter/cart_icon1"), 5): Object 'Object Repository/cart_counter/cart_icon1' is present

2023-01-08 18:52:03 - [MESSAGE][PASSED] - Object 'Object Repository/cart_counter/cart_icon1' is present

2023-01-08 18:52:03 - [TEST_STEP][PASSED] - click(findTestObject("btn_items/items2_add to cart")): Object: 'Object Repository/btn_items/items2_add to cart' is clicked on

2023-01-08 18:52:03 - [MESSAGE][PASSED] - Object: 'Object Repository/btn_items/items2_add to cart' is clicked on

2023-01-08 18:52:03 - [TEST_STEP][PASSED] - verifyElementPresent(findTestObject("cart_counter/cart_icon2"), 5): Object 'Object Repository/cart_counter/cart_icon2' is present

2023-01-08 18:52:04 - [MESSAGE][PASSED] - Object 'Object Repository/cart_counter/cart_icon2' is present

2023-01-08 18:52:04 - [TEST_STEP][PASSED] - click(findTestObject("btn_items/items3_add to cart")): Object: 'Object Repository/btn_items/items3_add to cart' is clicked on

2023-01-08 18:52:04 - [MESSAGE][PASSED] - Object: 'Object Repository/btn_items/items3_add to cart' is clicked on

2023-01-08 18:52:04 - [TEST_STEP][PASSED] - verifyElementPresent(findTestObject("cart_counter/cart_icon3"), 5): Object 'Object Repository/cart_counter/cart_icon3' is present

2023-01-08 18:52:05 - [MESSAGE][PASSED] - Object 'Object Repository/cart_counter/cart_icon3' is present

2023-01-08 18:52:05 - [TEST_STEP][PASSED] - click(findTestObject("btn_items/items4_add to cart")): Object: 'Object Repository/btn_items/items4_add to cart' is clicked on

2023-01-08 18:52:05 - [MESSAGE][PASSED] - Object: 'Object Repository/btn_items/items4_add to cart' is clicked on

2023-01-08 18:52:05 - [TEST_STEP][PASSED] - verifyElementPresent(findTestObject("cart_counter/cart_icon4"), 5): Object 'Object Repository/cart_counter/cart_icon4' is present

2023-01-08 18:52:06 - [MESSAGE][PASSED] - Object 'Object Repository/cart_counter/cart_icon4' is present

2023-01-08 18:52:06 - [TEST_STEP][PASSED] - click(findTestObject("btn_items/items5_add to cart")): Object: 'Object Repository/btn_items/items5_add to cart' is clicked on

2023-01-08 18:52:06 - [MESSAGE][PASSED] - Object: 'Object Repository/btn_items/items5_add to cart' is clicked on

2023-01-08 18:52:06 - [TEST_STEP][PASSED] - verifyElementPresent(findTestObject("cart_counter/cart_icon5"), 5): Object 'Object Repository/cart_counter/cart_icon5' is present

2023-01-08 18:52:06 - [MESSAGE][PASSED] - Object 'Object Repository/cart_counter/cart_icon5' is present

2023-01-08 18:52:06 - [TEST_STEP][PASSED] - click(findTestObject("btn_items/items6_add to cart")): Object: 'Object Repository/btn_items/items6_add to cart' is clicked on

2023-01-08 18:52:07 - [MESSAGE][PASSED] - Object: 'Object Repository/btn_items/items6_add to cart' is clicked on

2023-01-08 18:52:07 - [TEST_STEP][PASSED] - verifyElementPresent(findTestObject("cart_counter/cart_icon6"), 5): Object 'Object Repository/cart_counter/cart_icon6' is present

2023-01-08 18:52:08 - [MESSAGE][PASSED] - Object 'Object Repository/cart_counter/cart_icon6' is present

2023-01-08 18:52:08 - [TEST_STEP][PASSED] - click(findTestObject("cart/cart")): Object: 'Object Repository/cart/cart' is clicked on

2023-01-08 18:52:08 - [MESSAGE][PASSED] - Object: 'Object Repository/cart/cart' is clicked on

2023-01-08 18:52:08 - [MESSAGE][PASSED] - Call Test Case 'Test Cases/Module- Inventory and Sort/Inventory - Call' successfully

2023-01-08 18:52:08 - [TEST_STEP][PASSED] - click(findTestObject("remove/items1_remove")): Object: 'Object Repository/remove/items1_remove' is clicked on

2023-01-08 18:52:09 - [MESSAGE][PASSED] - Object: 'Object Repository/remove/items1_remove' is clicked on

2023-01-08 18:52:09 - [TEST_STEP][PASSED] - click(findTestObject("remove/items2_remove")): Object: 'Object Repository/remove/items2_remove' is clicked on

2023-01-08 18:52:09 - [MESSAGE][PASSED] - Object: 'Object Repository/remove/items2_remove' is clicked on

2023-01-08 18:52:09 - [TEST_STEP][PASSED] - click(findTestObject("remove/items3_remove")): Object: 'Object Repository/remove/items3_remove' is clicked on

2023-01-08 18:52:10 - [MESSAGE][PASSED] - Object: 'Object Repository/remove/items3_remove' is clicked on

2023-01-08 18:52:10 - [TEST_STEP][PASSED] - click(findTestObject("remove/items4_remove")): Object: 'Object Repository/remove/items4_remove' is clicked on

2023-01-08 18:52:10 - [MESSAGE][PASSED] - Object: 'Object Repository/remove/items4_remove' is clicked on

2023-01-08 18:52:10 - [TEST_STEP][PASSED] - click(findTestObject("remove/items5_remove")): Object: 'Object Repository/remove/items5_remove' is clicked on

2023-01-08 18:52:11 - [MESSAGE][PASSED] - Object: 'Object Repository/remove/items5_remove' is clicked on

2023-01-08 18:52:11 - [TEST_STEP][PASSED] - click(findTestObject("remove/items6_remove")): Object: 'Object Repository/remove/items6_remove' is clicked on

2023-01-08 18:52:11 - [MESSAGE][PASSED] - Object: 'Object Repository/remove/items6_remove' is clicked on

2023-01-08 18:52:11 - [TEST_STEP][PASSED] - verifyElementNotPresent(findTestObject("cart/div_Sauce Labs Backpack"), 0): Web element with id: 'Object Repository/cart/div_Sauce Labs Backpack' located by 'By.xpath: //a[@id='item_4_title_link']/div' is not present after '30' second(s)

2023-01-08 18:52:11 - [MESSAGE][WARNING] - Timeout '0' is invalid. Using default page load timeout: '30'

2023-01-08 18:52:12 - [MESSAGE][PASSED] - Web element with id: 'Object Repository/cart/div_Sauce Labs Backpack' located by 'By.xpath: //a[@id='item_4_title_link']/div' is not present after '30' second(s)

2023-01-08 18:52:12 - [TEST_STEP][PASSED] - closeBrowser(STOP_ON_FAILURE): Browser is closed

2023-01-08 18:52:13 - [MESSAGE][PASSED] - Browser is closed]]></system-out>
         <system-err><![CDATA[]]></system-err>
      </testcase>
      <testcase name="Test Cases/Module- Cart/Cart - See items that added to cart" time="10.65" classname="Test Cases/Module- Cart/Cart - See items that added to cart" status="PASSED">
         <system-out><![CDATA[2023-01-08 18:52:13 - [TEST_CASE][PASSED] - Test Cases/Module- Cart/Cart - See items that added to cart: Test Cases/Module- Cart/Cart - See items that added to cart

2023-01-08 18:52:13 - [TEST_STEP][PASSED] - callTestCase(findTestCase("Module-Login/Login - Call"), ["username1":"standard_user", "username2":"problem_user", "username3":"performance_glitch_user", "password":"secret_sauce"], STOP_ON_FAILURE): Call Test Case 'Test Cases/Module-Login/Login - Call' successfully

2023-01-08 18:52:13 - [TEST_CASE][PASSED] - Test Cases/Module-Login/Login - Call: Test Cases/Module-Login/Login - Call

2023-01-08 18:52:13 - [TEST_STEP][PASSED] - openBrowser(""): Browser is opened with url: ''

2023-01-08 18:52:13 - [MESSAGE][INFO] - Starting 'Chrome' driver

2023-01-08 18:52:13 - [MESSAGE][INFO] - Action delay is set to 0 milliseconds

2023-01-08 18:52:15 - [MESSAGE][PASSED] - Browser is opened with url: ''

2023-01-08 18:52:15 - [TEST_STEP][PASSED] - navigateToUrl("https://www.saucedemo.com/"): Navigate to 'https://www.saucedemo.com/' successfully

2023-01-08 18:52:15 - [MESSAGE][PASSED] - Navigate to 'https://www.saucedemo.com/' successfully

2023-01-08 18:52:15 - [TEST_STEP][PASSED] - setText(findTestObject("Login_Page/username"), username1): Text 'standard_user' is set on object 'Object Repository/Login_Page/username'

2023-01-08 18:52:16 - [MESSAGE][PASSED] - Text 'standard_user' is set on object 'Object Repository/Login_Page/username'

2023-01-08 18:52:16 - [TEST_STEP][PASSED] - setEncryptedText(findTestObject("Login_Page/password"), "qcu24s4901FyWDTwXGr6XA=="): Text ****** has been set on object 'Object Repository/Login_Page/password'

2023-01-08 18:52:16 - [MESSAGE][PASSED] - Text ****** has been set on object 'Object Repository/Login_Page/password'

2023-01-08 18:52:16 - [TEST_STEP][PASSED] - click(findTestObject("Login_Page/btn_login")): Object: 'Object Repository/Login_Page/btn_login' is clicked on

2023-01-08 18:52:17 - [MESSAGE][PASSED] - Object: 'Object Repository/Login_Page/btn_login' is clicked on

2023-01-08 18:52:17 - [TEST_STEP][PASSED] - delay(3): Delayed 3 second(s)

2023-01-08 18:52:20 - [MESSAGE][PASSED] - Delayed 3 second(s)

2023-01-08 18:52:20 - [MESSAGE][PASSED] - Call Test Case 'Test Cases/Module-Login/Login - Call' successfully

2023-01-08 18:52:20 - [TEST_STEP][PASSED] - click(findTestObject("btn_items/items1_add to cart")): Object: 'Object Repository/btn_items/items1_add to cart' is clicked on

2023-01-08 18:52:20 - [MESSAGE][PASSED] - Object: 'Object Repository/btn_items/items1_add to cart' is clicked on

2023-01-08 18:52:20 - [TEST_STEP][PASSED] - click(findTestObject("btn_items/items2_add to cart")): Object: 'Object Repository/btn_items/items2_add to cart' is clicked on

2023-01-08 18:52:21 - [MESSAGE][PASSED] - Object: 'Object Repository/btn_items/items2_add to cart' is clicked on

2023-01-08 18:52:21 - [TEST_STEP][PASSED] - click(findTestObject("cart/cart")): Object: 'Object Repository/cart/cart' is clicked on

2023-01-08 18:52:21 - [MESSAGE][PASSED] - Object: 'Object Repository/cart/cart' is clicked on

2023-01-08 18:52:21 - [TEST_STEP][PASSED] - verifyElementVisible(findTestObject("cart/div_Sauce Labs Backpack")): Object 'Object Repository/cart/div_Sauce Labs Backpack' is visible

2023-01-08 18:52:22 - [MESSAGE][PASSED] - Object 'Object Repository/cart/div_Sauce Labs Backpack' is visible

2023-01-08 18:52:22 - [TEST_STEP][PASSED] - verifyElementVisible(findTestObject("cart/div_Sauce Labs Bike Light")): Object 'Object Repository/cart/div_Sauce Labs Bike Light' is visible

2023-01-08 18:52:22 - [MESSAGE][PASSED] - Object 'Object Repository/cart/div_Sauce Labs Bike Light' is visible

2023-01-08 18:52:22 - [TEST_STEP][PASSED] - closeBrowser(STOP_ON_FAILURE): Browser is closed

2023-01-08 18:52:23 - [MESSAGE][PASSED] - Browser is closed]]></system-out>
         <system-err><![CDATA[]]></system-err>
      </testcase>
      <testcase name="Test Cases/Module- Cart/Cart-Page" time="18.678" classname="Test Cases/Module- Cart/Cart-Page" status="PASSED">
         <system-out><![CDATA[2023-01-08 18:52:23 - [TEST_CASE][PASSED] - Test Cases/Module- Cart/Cart-Page: Test Cases/Module- Cart/Cart-Page

2023-01-08 18:52:24 - [TEST_STEP][PASSED] - callTestCase(findTestCase("Module- Inventory and Sort/Inventory - Call"), [:], STOP_ON_FAILURE): Call Test Case 'Test Cases/Module- Inventory and Sort/Inventory - Call' successfully

2023-01-08 18:52:24 - [TEST_CASE][PASSED] - Test Cases/Module- Inventory and Sort/Inventory - Call: Test Cases/Module- Inventory and Sort/Inventory - Call

2023-01-08 18:52:24 - [TEST_STEP][PASSED] - callTestCase(findTestCase("Module-Login/Login - Call"), ["username1":"standard_user", "username2":"problem_user", "username3":"performance_glitch_user", "password":"secret_sauce"], STOP_ON_FAILURE): Call Test Case 'Test Cases/Module-Login/Login - Call' successfully

2023-01-08 18:52:24 - [TEST_CASE][PASSED] - Test Cases/Module-Login/Login - Call: Test Cases/Module-Login/Login - Call

2023-01-08 18:52:24 - [TEST_STEP][PASSED] - openBrowser(""): Browser is opened with url: ''

2023-01-08 18:52:24 - [MESSAGE][INFO] - Starting 'Chrome' driver

2023-01-08 18:52:24 - [MESSAGE][INFO] - Action delay is set to 0 milliseconds

2023-01-08 18:52:25 - [MESSAGE][PASSED] - Browser is opened with url: ''

2023-01-08 18:52:25 - [TEST_STEP][PASSED] - navigateToUrl("https://www.saucedemo.com/"): Navigate to 'https://www.saucedemo.com/' successfully

2023-01-08 18:52:26 - [MESSAGE][PASSED] - Navigate to 'https://www.saucedemo.com/' successfully

2023-01-08 18:52:26 - [TEST_STEP][PASSED] - setText(findTestObject("Login_Page/username"), username1): Text 'standard_user' is set on object 'Object Repository/Login_Page/username'

2023-01-08 18:52:27 - [MESSAGE][PASSED] - Text 'standard_user' is set on object 'Object Repository/Login_Page/username'

2023-01-08 18:52:27 - [TEST_STEP][PASSED] - setEncryptedText(findTestObject("Login_Page/password"), "qcu24s4901FyWDTwXGr6XA=="): Text ****** has been set on object 'Object Repository/Login_Page/password'

2023-01-08 18:52:27 - [MESSAGE][PASSED] - Text ****** has been set on object 'Object Repository/Login_Page/password'

2023-01-08 18:52:27 - [TEST_STEP][PASSED] - click(findTestObject("Login_Page/btn_login")): Object: 'Object Repository/Login_Page/btn_login' is clicked on

2023-01-08 18:52:28 - [MESSAGE][PASSED] - Object: 'Object Repository/Login_Page/btn_login' is clicked on

2023-01-08 18:52:28 - [TEST_STEP][PASSED] - delay(3): Delayed 3 second(s)

2023-01-08 18:52:31 - [MESSAGE][PASSED] - Delayed 3 second(s)

2023-01-08 18:52:31 - [MESSAGE][PASSED] - Call Test Case 'Test Cases/Module-Login/Login - Call' successfully

2023-01-08 18:52:31 - [TEST_STEP][PASSED] - waitForPageLoad(10): Wait for page load successfully

2023-01-08 18:52:31 - [MESSAGE][PASSED] - Wait for page load successfully

2023-01-08 18:52:31 - [TEST_STEP][PASSED] - click(findTestObject("btn_items/items1_add to cart")): Object: 'Object Repository/btn_items/items1_add to cart' is clicked on

2023-01-08 18:52:32 - [MESSAGE][PASSED] - Object: 'Object Repository/btn_items/items1_add to cart' is clicked on

2023-01-08 18:52:32 - [TEST_STEP][PASSED] - verifyElementPresent(findTestObject("cart_counter/cart_icon1"), 5): Object 'Object Repository/cart_counter/cart_icon1' is present

2023-01-08 18:52:32 - [MESSAGE][PASSED] - Object 'Object Repository/cart_counter/cart_icon1' is present

2023-01-08 18:52:32 - [TEST_STEP][PASSED] - click(findTestObject("btn_items/items2_add to cart")): Object: 'Object Repository/btn_items/items2_add to cart' is clicked on

2023-01-08 18:52:32 - [MESSAGE][PASSED] - Object: 'Object Repository/btn_items/items2_add to cart' is clicked on

2023-01-08 18:52:32 - [TEST_STEP][PASSED] - verifyElementPresent(findTestObject("cart_counter/cart_icon2"), 5): Object 'Object Repository/cart_counter/cart_icon2' is present

2023-01-08 18:52:33 - [MESSAGE][PASSED] - Object 'Object Repository/cart_counter/cart_icon2' is present

2023-01-08 18:52:33 - [TEST_STEP][PASSED] - click(findTestObject("btn_items/items3_add to cart")): Object: 'Object Repository/btn_items/items3_add to cart' is clicked on

2023-01-08 18:52:33 - [MESSAGE][PASSED] - Object: 'Object Repository/btn_items/items3_add to cart' is clicked on

2023-01-08 18:52:33 - [TEST_STEP][PASSED] - verifyElementPresent(findTestObject("cart_counter/cart_icon3"), 5): Object 'Object Repository/cart_counter/cart_icon3' is present

2023-01-08 18:52:34 - [MESSAGE][PASSED] - Object 'Object Repository/cart_counter/cart_icon3' is present

2023-01-08 18:52:34 - [TEST_STEP][PASSED] - click(findTestObject("btn_items/items4_add to cart")): Object: 'Object Repository/btn_items/items4_add to cart' is clicked on

2023-01-08 18:52:34 - [MESSAGE][PASSED] - Object: 'Object Repository/btn_items/items4_add to cart' is clicked on

2023-01-08 18:52:34 - [TEST_STEP][PASSED] - verifyElementPresent(findTestObject("cart_counter/cart_icon4"), 5): Object 'Object Repository/cart_counter/cart_icon4' is present

2023-01-08 18:52:35 - [MESSAGE][PASSED] - Object 'Object Repository/cart_counter/cart_icon4' is present

2023-01-08 18:52:35 - [TEST_STEP][PASSED] - click(findTestObject("btn_items/items5_add to cart")): Object: 'Object Repository/btn_items/items5_add to cart' is clicked on

2023-01-08 18:52:35 - [MESSAGE][PASSED] - Object: 'Object Repository/btn_items/items5_add to cart' is clicked on

2023-01-08 18:52:35 - [TEST_STEP][PASSED] - verifyElementPresent(findTestObject("cart_counter/cart_icon5"), 5): Object 'Object Repository/cart_counter/cart_icon5' is present

2023-01-08 18:52:36 - [MESSAGE][PASSED] - Object 'Object Repository/cart_counter/cart_icon5' is present

2023-01-08 18:52:36 - [TEST_STEP][PASSED] - click(findTestObject("btn_items/items6_add to cart")): Object: 'Object Repository/btn_items/items6_add to cart' is clicked on

2023-01-08 18:52:36 - [MESSAGE][PASSED] - Object: 'Object Repository/btn_items/items6_add to cart' is clicked on

2023-01-08 18:52:36 - [TEST_STEP][PASSED] - verifyElementPresent(findTestObject("cart_counter/cart_icon6"), 5): Object 'Object Repository/cart_counter/cart_icon6' is present

2023-01-08 18:52:37 - [MESSAGE][PASSED] - Object 'Object Repository/cart_counter/cart_icon6' is present

2023-01-08 18:52:37 - [TEST_STEP][PASSED] - click(findTestObject("cart/cart")): Object: 'Object Repository/cart/cart' is clicked on

2023-01-08 18:52:37 - [MESSAGE][PASSED] - Object: 'Object Repository/cart/cart' is clicked on

2023-01-08 18:52:37 - [MESSAGE][PASSED] - Call Test Case 'Test Cases/Module- Inventory and Sort/Inventory - Call' successfully

2023-01-08 18:52:37 - [TEST_STEP][PASSED] - verifyElementPresent(findTestObject("cart/cart_Page"), 0): Object 'Object Repository/cart/cart_Page' is present

2023-01-08 18:52:37 - [MESSAGE][WARNING] - Timeout '0' is invalid. Using default page load timeout: '30'

2023-01-08 18:52:38 - [MESSAGE][PASSED] - Object 'Object Repository/cart/cart_Page' is present

2023-01-08 18:52:38 - [TEST_STEP][PASSED] - verifyElementClickable(findTestObject("cart/button_Checkout"), STOP_ON_FAILURE): Object 'Object Repository/cart/button_Checkout' is clickable

2023-01-08 18:52:38 - [MESSAGE][PASSED] - Object 'Object Repository/cart/button_Checkout' is clickable

2023-01-08 18:52:38 - [TEST_STEP][PASSED] - verifyElementClickable(findTestObject("cart/button_Continue Shopping")): Object 'Object Repository/cart/button_Continue Shopping' is clickable

2023-01-08 18:52:39 - [MESSAGE][PASSED] - Object 'Object Repository/cart/button_Continue Shopping' is clickable

2023-01-08 18:52:39 - [TEST_STEP][PASSED] - verifyElementClickable(findTestObject("cart/btn_removeItems1")): Object 'Object Repository/cart/btn_removeItems1' is clickable

2023-01-08 18:52:39 - [MESSAGE][PASSED] - Object 'Object Repository/cart/btn_removeItems1' is clickable

2023-01-08 18:52:39 - [TEST_STEP][PASSED] - verifyElementClickable(findTestObject("cart/btn_removeItems2")): Object 'Object Repository/cart/btn_removeItems2' is clickable

2023-01-08 18:52:39 - [MESSAGE][PASSED] - Object 'Object Repository/cart/btn_removeItems2' is clickable

2023-01-08 18:52:39 - [TEST_STEP][PASSED] - verifyElementClickable(findTestObject("cart/btn_removeItems3")): Object 'Object Repository/cart/btn_removeItems3' is clickable

2023-01-08 18:52:40 - [MESSAGE][PASSED] - Object 'Object Repository/cart/btn_removeItems3' is clickable

2023-01-08 18:52:40 - [TEST_STEP][PASSED] - verifyElementClickable(findTestObject("cart/btn_removeItems4")): Object 'Object Repository/cart/btn_removeItems4' is clickable

2023-01-08 18:52:40 - [MESSAGE][PASSED] - Object 'Object Repository/cart/btn_removeItems4' is clickable

2023-01-08 18:52:40 - [TEST_STEP][PASSED] - verifyElementClickable(findTestObject("cart/btn_removeItems5")): Object 'Object Repository/cart/btn_removeItems5' is clickable

2023-01-08 18:52:41 - [MESSAGE][PASSED] - Object 'Object Repository/cart/btn_removeItems5' is clickable

2023-01-08 18:52:41 - [TEST_STEP][PASSED] - verifyElementClickable(findTestObject("cart/btn_removeItems6")): Object 'Object Repository/cart/btn_removeItems6' is clickable

2023-01-08 18:52:41 - [MESSAGE][PASSED] - Object 'Object Repository/cart/btn_removeItems6' is clickable

2023-01-08 18:52:41 - [TEST_STEP][PASSED] - closeBrowser(STOP_ON_FAILURE): Browser is closed

2023-01-08 18:52:42 - [MESSAGE][PASSED] - Browser is closed]]></system-out>
         <system-err><![CDATA[]]></system-err>
      </testcase>
      <system-out><![CDATA[2023-01-08 18:51:24 - [TEST_SUITE][PASSED] - Module-3-Cart: Test Cases/Module- Cart/Cart-Page]]></system-out>
      <system-err><![CDATA[]]></system-err>
   </testsuite>
</testsuites>
